<?xml version="1.0" encoding="UTF-8"?>
<testsuite xmlns:xsi="http://www.w3.org/2001/XMLSchema-instance" xsi:noNamespaceSchemaLocation="https://maven.apache.org/surefire/maven-surefire-plugin/xsd/surefire-test-report.xsd" name="Runner.TestRunner" time="6.918" tests="8" errors="0" skipped="0" failures="0">
  <properties>
[...]
</properties>
  <testcase name="Given I navigate to the login page" classname="Scenario: Login with correct username nad password" time="0"/>
  <testcase name="And I enter teh users email address as Email:admin" classname="Scenario: Login with correct username nad password" time="0"/>
  <testcase name="Then I verify the count of my salary digits for 100000" classname="Scenario: Login with correct username nad password" time="0"/>
  <testcase name="And I just need to see how stuff looks for cucumber-java8" classname="Scenario: Login with correct username nad password" time="0"/>
  <testcase name="And I enter the following details for Login" classname="Scenario: Login with correct username nad password" time="0"/>
  <testcase name="And I click the login button" classname="Scenario: Login with correct username nad password" time="0"/>
  <testcase name="Then I should see the userform page" classname="Scenario: Login with correct username nad password" time="0"/>
  <testcase name="Scenario: Login with correct username nad password" classname="Scenario: Login with correct username nad password" time="0"/>
</testsuite>